sv_addi0 = 0
sv_br1 = 0
sv_br2 = 0
sv_cmpi0 = 1
sv_cond_br1 = 1
sv_cond_br2 = 1
sv_cond_br3 = 1
sv_constant1 = 0
sv_constant2 = 0
sv_constant5 = 0
sv_extui0 = 0
sv_extui1 = 0
sv_extui10 = 0
sv_extui11 = 0
sv_extui12 = 0
sv_extui13 = 0
sv_extui2 = 0
sv_extui3 = 0
sv_extui4 = 0
sv_extui5 = 0
sv_extui6 = 0
sv_extui7 = 0
sv_extui8 = 0
sv_extui9 = 0
sv_index_cast0 = 0
sv_index_cast1 = 0
sv_index_cast10 = 0
sv_index_cast11 = 0
sv_index_cast12 = 0
sv_index_cast13 = 0
sv_index_cast14 = 0
sv_index_cast15 = 0
sv_index_cast16 = 0
sv_index_cast17 = 0
sv_index_cast18 = 0
sv_index_cast19 = 0
sv_index_cast2 = 0
sv_index_cast20 = 0
sv_index_cast3 = 0
sv_index_cast4 = 0
sv_index_cast5 = 0
sv_index_cast6 = 0
sv_index_cast7 = 0
sv_index_cast8 = 0
sv_index_cast9 = 0
sv_load0 = 0
sv_load1 = 0
sv_load10 = 0
sv_load12 = 0
sv_load13 = 0
sv_load15 = 0
sv_load16 = 0
sv_load18 = 0
sv_load19 = 0
sv_load3 = 0
sv_load4 = 0
sv_load6 = 0
sv_load7 = 0
sv_load9 = 0
sv_muli0 = 1
sv_muli1 = 1
sv_muli2 = 1
sv_muli3 = 1
sv_muli4 = 1
sv_muli5 = 1
sv_muli6 = 1
sv_phi0 = 0
sv_phi1 = 0
sv_return1 = 1
sv_start0 = 0
sv_store11 = 5
sv_store14 = 5
sv_store17 = 5
sv_store2 = 5
sv_store20 = 5
sv_store5 = 5
sv_store8 = 5
-47
