
# ====================== #
# Static Scheduling Result #
# ====================== #

Operation: start0 scheduled at time: 0
Operation: constant1 scheduled at time: 0
Operation: br1 scheduled at time: 0
Operation: br2 scheduled at time: 0
Operation: br3 scheduled at time: 0
Operation: phi0 scheduled at time: 0
Operation: phi1 scheduled at time: 0
Operation: phi2 scheduled at time: 0
Operation: constant2 scheduled at time: 0
Operation: constant5 scheduled at time: 0
Operation: extui0 scheduled at time: 0
Operation: index_cast0 scheduled at time: 0
Operation: load0 scheduled at time: 0
Operation: extui1 scheduled at time: 0
Operation: index_cast1 scheduled at time: 0
Operation: load1 scheduled at time: 0
Operation: muli0 scheduled at time: 1
Operation: extui2 scheduled at time: 0
Operation: index_cast2 scheduled at time: 0
Operation: load2 scheduled at time: 0
Operation: extui3 scheduled at time: 0
Operation: index_cast3 scheduled at time: 0
Operation: load3 scheduled at time: 0
Operation: muli1 scheduled at time: 1
Operation: addi0 scheduled at time: 5
Operation: addi1 scheduled at time: 6
Operation: addi2 scheduled at time: 0
Operation: cmpi0 scheduled at time: 1
Operation: cond_br1 scheduled at time: 1
Operation: cond_br2 scheduled at time: 7
Operation: cond_br3 scheduled at time: 1
Operation: cond_br4 scheduled at time: 7
Operation: cond_br5 scheduled at time: 1
Operation: return1 scheduled at time: 0

=== Scheduling Result ===
Function: example_1
  Basic Block #0
    -----------+---+
      Operation| 0 |
    -----------+---+
    arg_0      | - |
    arg_1      | - |
    arg_2      | - |
    arg_3      | - |
    start0     | - |
    constant1  | - |
    br1        | - |
    br2        | - |
    br3        | - |
    -----------+---+

  Basic Block #1
    -------------+---+---+---+---+---+---+---+---+
        Operation| 0 | 1 | 2 | 3 | 4 | 5 | 6 | 7 |
    -------------+---+---+---+---+---+---+---+---+
    phi0         | - |   |   |   |   |   |   |   |
    phi1         | - |   |   |   |   |   |   |   |
    phi2         | - |   |   |   |   |   |   |   |
    constant2    | - |   |   |   |   |   |   |   |
    constant5    | - |   |   |   |   |   |   |   |
    extui0       | - |   |   |   |   |   |   |   |
    index_cast0  | - |   |   |   |   |   |   |   |
    load0        | X |   |   |   |   |   |   |   |
    extui1       | - |   |   |   |   |   |   |   |
    index_cast1  | - |   |   |   |   |   |   |   |
    load1        | X |   |   |   |   |   |   |   |
    muli0        |   | X | X | X | X |   |   |   |
    extui2       | - |   |   |   |   |   |   |   |
    index_cast2  | - |   |   |   |   |   |   |   |
    load2        | X |   |   |   |   |   |   |   |
    extui3       | - |   |   |   |   |   |   |   |
    index_cast3  | - |   |   |   |   |   |   |   |
    load3        | X |   |   |   |   |   |   |   |
    muli1        |   | X | X | X | X |   |   |   |
    addi0        |   |   |   |   |   | X |   |   |
    addi1        |   |   |   |   |   |   | X |   |
    addi2        | X |   |   |   |   |   |   |   |
    cmpi0        |   | - |   |   |   |   |   |   |
    cond_br1     |   | - |   |   |   |   |   |   |
    cond_br2     |   |   |   |   |   |   |   | - |
    cond_br3     |   | - |   |   |   |   |   |   |
    cond_br4     |   |   |   |   |   |   |   | - |
    cond_br5     |   | - |   |   |   |   |   |   |
    -------------+---+---+---+---+---+---+---+---+

  Basic Block #2
    ---------+---+
    Operation| 0 |
    ---------+---+
    return1  | - |
    ---------+---+

=== End of Scheduling Result ===

