sv_addi0 = 5
sv_addi1 = 6
sv_addi2 = 0
sv_addi3 = 5
sv_addi4 = 6
sv_br1 = 0
sv_br2 = 0
sv_br3 = 0
sv_br4 = 0
sv_cmpi0 = 1
sv_cmpi1 = 4
sv_cond_br10 = 4
sv_cond_br11 = 7
sv_cond_br12 = 4
sv_cond_br13 = 4
sv_cond_br14 = 7
sv_cond_br15 = 4
sv_cond_br2 = 1
sv_cond_br3 = 7
sv_cond_br4 = 1
sv_cond_br5 = 1
sv_cond_br6 = 1
sv_cond_br7 = 7
sv_cond_br8 = 1
sv_cond_br9 = 1
sv_constant1 = 0
sv_constant2 = 0
sv_constant6 = 0
sv_constant7 = 0
sv_extui0 = 0
sv_extui1 = 0
sv_extui2 = 0
sv_extui3 = 0
sv_extui4 = 0
sv_extui5 = 0
sv_extui6 = 0
sv_extui7 = 0
sv_index_cast0 = 0
sv_index_cast1 = 0
sv_index_cast2 = 0
sv_index_cast3 = 0
sv_index_cast4 = 0
sv_index_cast5 = 0
sv_index_cast6 = 0
sv_index_cast7 = 0
sv_load0 = 0
sv_load1 = 0
sv_load2 = 0
sv_load3 = 0
sv_load4 = 0
sv_load5 = 0
sv_load6 = 0
sv_load7 = 0
sv_muli0 = 1
sv_muli1 = 1
sv_muli2 = 1
sv_muli3 = 1
sv_muli4 = 0
sv_phi0 = 0
sv_phi1 = 0
sv_phi2 = 0
sv_phi3 = 0
sv_phi4 = 0
sv_phi5 = 0
sv_phi6 = 0
sv_phi7 = 0
sv_return1 = 7
sv_start0 = 0
-88
