sv_addi0 = 1
sv_addi1 = 0
sv_br1 = 0
sv_br2 = 0
sv_cmpi0 = 1
sv_cond_br1 = 1
sv_cond_br2 = 1
sv_cond_br3 = 1
sv_constant1 = 0
sv_constant2 = 0
sv_constant5 = 0
sv_extui0 = 0
sv_extui1 = 0
sv_extui2 = 0
sv_extui3 = 0
sv_extui4 = 0
sv_extui5 = 0
sv_extui6 = 0
sv_extui7 = 0
sv_extui8 = 0
sv_index_cast0 = 0
sv_index_cast1 = 0
sv_index_cast2 = 0
sv_index_cast3 = 0
sv_index_cast4 = 0
sv_index_cast5 = 0
sv_index_cast6 = 0
sv_index_cast7 = 0
sv_index_cast8 = 0
sv_load0 = 0
sv_load1 = 0
sv_load3 = 0
sv_load4 = 0
sv_load5 = 0
sv_load6 = 0
sv_load7 = 0
sv_muli0 = 1
sv_muli1 = 1
sv_muli2 = 5
sv_muli3 = 9
sv_phi0 = 0
sv_phi1 = 0
sv_return1 = 1
sv_start0 = 0
sv_store2 = 5
sv_store8 = 13
-40
