sv_addi0 = 5
sv_addi1 = 5
sv_addi2 = 6
sv_addi3 = 6
sv_br1 = 0
sv_br2 = 0
sv_br3 = 0
sv_cmpi0 = 7
sv_cond_br1 = 7
sv_cond_br2 = 7
sv_cond_br3 = 7
sv_cond_br4 = 7
sv_cond_br5 = 7
sv_constant1 = 0
sv_constant2 = 7
sv_constant5 = 6
sv_extui0 = 4
sv_extui1 = 0
sv_extui2 = 0
sv_extui3 = 4
sv_extui4 = 0
sv_extui5 = 0
sv_extui6 = 6
sv_index_cast0 = 4
sv_index_cast1 = 0
sv_index_cast2 = 0
sv_index_cast3 = 4
sv_index_cast4 = 0
sv_index_cast5 = 0
sv_index_cast6 = 6
sv_load0 = 4
sv_load1 = 0
sv_load2 = 0
sv_load3 = 4
sv_load4 = 0
sv_load5 = 0
sv_muli0 = 1
sv_muli1 = 1
sv_phi0 = 0
sv_phi1 = 6
sv_phi2 = 6
sv_return1 = 7
sv_start0 = 0
sv_store6 = 6
140
